[03/08/2010 12:43:25] Alchamist creates a new channel called Test owned by Alchamist
[03/08/2010 12:44:44] Alchamist creates a new channel called Test owned by Alchamist
[03/08/2010 12:45:01] Alchamist creates a new channel called Test owned by Alchamist
[03/08/2010 12:48:53] Alchamist creates a new channel called Test owned by Alchamist
[03/08/2010 12:49:46] Alchamist creates a new channel called Test owned by Alchamist
[03/08/2010 12:50:29] Alchamist creates a new channel called Wibble owned by Alchamist
[03/08/2010 12:50:55] Alchamist creates a new channel called Plink owned by Alchamist
[03/08/2010 12:52:02] Alchamist creates a new channel called Test2 owned by Alchamist
[03/08/2010 12:57:12] Alchamist creates a new channel called Plibble owned by Alchamist
[03/08/2010 13:07:46] Alchamist deletes channel "Plink"
[03/08/2010 13:08:41] Alchamist deletes channel "Test"
[03/08/2010 13:09:08] Alchamist creates a new channel called Test owned by Alchamist
[03/08/2010 13:10:02] Alchamist creates a new channel called Test2 owned by Alchamist
[03/08/2010 13:10:40] Alchamist creates a new channel called Test2 owned by Alchamist
[03/08/2010 13:10:51] Alchamist deletes channel "Plibble"
[03/08/2010 13:18:00] Alchamist creates a new channel called Plibble owned by Alchamist
[03/08/2010 13:18:16] Alchamist deletes channel "Test"
[03/08/2010 13:18:16] Alchamist deletes channel "Test2"
[03/08/2010 13:19:33] Alchamist deletes channel "Wibble"
[03/08/2010 13:19:43] Alchamist creates a new channel called Test owned by Alchamist
[03/08/2010 13:21:22] Alchamist creates a new channel called Test2 owned by Alchamist
[03/08/2010 13:21:26] Alchamist creates a new channel called Test3 owned by Alchamist
[03/08/2010 13:21:35] Alchamist deletes channel "Test"
[03/08/2010 13:21:40] Alchamist deletes channel "Test"
[03/08/2010 13:23:21] Alchamist deletes channel "Test"
[03/08/2010 13:23:27] Alchamist deletes channel "Plink"
[03/08/2010 13:23:38] Alchamist deletes channel "Plibble"
[03/08/2010 13:23:41] Alchamist deletes channel "Test2"
[03/08/2010 13:23:44] Alchamist deletes channel "Test3"
[03/08/2010 14:28:56] Alchamist creates a new channel called Test owned by Alchamist
[03/08/2010 14:29:04] Alchamist creates a new channel called Test2 owned by Alchamist
[03/08/2010 14:29:08] Alchamist creates a new channel called Wibble owned by Alchamist
[03/08/2010 14:29:21] Alchamist renames channel "test" to "Test3"
[03/08/2010 14:29:34] Alchamist renames channel "wibble" to "plink"
[03/08/2010 14:29:48] Alchamist renames channel "plink" to "Plink"
